<?xml version="1.0" encoding="UTF-8"?>
<!-- Generated by org.testng.reporters.JUnitXMLReporter -->
<testsuite ignored="1" hostname="Niveadiha-PC" failures="0" tests="3" name="Test" time="0.142" errors="0" timestamp="2023-10-17T02:47:10 PDT">
  <testcase classname="com.test.UpdateExcelsheet" name="tc1" time="0.023"/>
  <testcase classname="com.test.UpdateExcelsheet" name="tc2" time="0.003"/>
  <testcase classname="com.test.UpdateExcelsheet" name="tc4" time="0.004"/>
  <testcase classname="com.test.UpdateExcelsheet" name="tc3" time="0.0">
    <ignored/>
  </testcase> <!-- tc3 -->
</testsuite> <!-- Test -->
